<?xml version="1.0" encoding="UTF-8"?>
<robot generator="Robot 7.3.2 (Python 3.13.5 on win32)" generated="2025-11-24T12:45:39.035535" rpa="false" schemaversion="5">
<suite id="s1" name="Dropdown Test" source="C:\Users\anumj\PyCharmMiscProject\dropdown_test.robot">
<test id="s1-t1" name="TestCase2" line="31">
<kw name="Open Browser" owner="SeleniumLibrary">
<msg time="2025-11-24T12:45:39.509864" level="INFO">Opening browser 'Chrome' to base url 'https://www.hyrtutorials.com/p/html-dropdown-elements-practice.html'.</msg>
<arg>${URL}</arg>
<arg>Chrome</arg>
<doc>Opens a new browser instance to the optional ``url``.</doc>
<status status="PASS" start="2025-11-24T12:45:39.509369" elapsed="4.341633"/>
</kw>
<kw name="Maximize Browser Window" owner="SeleniumLibrary">
<doc>Maximizes current browser window.</doc>
<status status="PASS" start="2025-11-24T12:45:43.851531" elapsed="0.084399"/>
</kw>
<kw name="Select Tutorails Dropdown">
<kw name="Mouse Over" owner="SeleniumLibrary">
<msg time="2025-11-24T12:45:43.939156" level="INFO">Simulating Mouse Over on element 'xpath=//a[normalize-space()='Tutorials']'.</msg>
<arg>${tut_dropdown}</arg>
<doc>Simulates hovering the mouse over the element ``locator``.</doc>
<status status="PASS" start="2025-11-24T12:45:43.938560" elapsed="0.550999"/>
</kw>
<kw name="Wait Until Element Is Visible" owner="SeleniumLibrary">
<arg>xpath=//a[normalize-space()='${subitem}']</arg>
<doc>Waits until the element ``locator`` is visible.</doc>
<status status="PASS" start="2025-11-24T12:45:44.489804" elapsed="0.148684"/>
</kw>
<kw name="Click Element" owner="SeleniumLibrary">
<msg time="2025-11-24T12:45:44.639034" level="INFO">Clicking element 'xpath=//a[normalize-space()='Tutorials']'.</msg>
<arg>${tut_dropdown}</arg>
<doc>Click the element identified by ``locator``.</doc>
<status status="PASS" start="2025-11-24T12:45:44.638723" elapsed="2.499831"/>
</kw>
<arg>Dot Net</arg>
<status status="PASS" start="2025-11-24T12:45:43.937938" elapsed="3.200806"/>
</kw>
<kw name="Select YouTube CoursesDropdown">
<kw name="Mouse Over" owner="SeleniumLibrary">
<msg time="2025-11-24T12:45:47.140380" level="INFO">Simulating Mouse Over on element 'xpath=//a[normalize-space()='YouTube Courses']'.</msg>
<arg>${sel_dropdown}</arg>
<doc>Simulates hovering the mouse over the element ``locator``.</doc>
<status status="PASS" start="2025-11-24T12:45:47.139843" elapsed="0.799165"/>
</kw>
<kw name="Wait Until Element Is Visible" owner="SeleniumLibrary">
<arg>xpath=//a[normalize-space()='${subitem}']</arg>
<doc>Waits until the element ``locator`` is visible.</doc>
<status status="PASS" start="2025-11-24T12:45:47.939252" elapsed="0.020838"/>
</kw>
<kw name="Click Element" owner="SeleniumLibrary">
<msg time="2025-11-24T12:45:47.960758" level="INFO">Clicking element 'xpath=//a[normalize-space()='Tutorials']'.</msg>
<arg>${tut_dropdown}</arg>
<doc>Click the element identified by ``locator``.</doc>
<status status="PASS" start="2025-11-24T12:45:47.960387" elapsed="1.062006"/>
</kw>
<arg>English</arg>
<status status="PASS" start="2025-11-24T12:45:47.139241" elapsed="1.883329"/>
</kw>
<kw name="Sleep" owner="BuiltIn">
<msg time="2025-11-24T12:45:52.023736" level="INFO">Slept 3 seconds.</msg>
<arg>3s</arg>
<doc>Pauses the test executed for the given time.</doc>
<status status="PASS" start="2025-11-24T12:45:49.023081" elapsed="3.000993"/>
</kw>
<kw name="Close Browser" owner="SeleniumLibrary">
<doc>Closes the current browser.</doc>
<status status="PASS" start="2025-11-24T12:45:52.024768" elapsed="3.305113"/>
</kw>
<status status="PASS" start="2025-11-24T12:45:39.507896" elapsed="15.822938"/>
</test>
<status status="PASS" start="2025-11-24T12:45:39.037194" elapsed="16.295778"/>
</suite>
<statistics>
<total>
<stat pass="1" fail="0" skip="0">All Tests</stat>
</total>
<tag>
</tag>
<suite>
<stat name="Dropdown Test" id="s1" pass="1" fail="0" skip="0">Dropdown Test</stat>
</suite>
</statistics>
<errors>
</errors>
</robot>
